<?xml version="1.0" encoding="UTF-8"?>
<!-- Generated by org.testng.reporters.JUnitXMLReporter -->
<testsuite ignored="0" hostname="LAPTOP-3AI9QJI2" failures="0" tests="11" name="Lexnod Test" time="142.945" errors="0" timestamp="2022-06-01T18:18:01 IST">
  <testcase classname="com.lexnod.GenericLib.BaseTest" name="@BeforeClass openBrowser" time="53.228">
    <failure type="org.openqa.selenium.WebDriverException" message="unknown error: net::ERR_CONNECTION_TIMED_OUT
  (Session info: chrome=102.0.5005.63)
Build info: version: &amp;apos;4.1.4&amp;apos;, revision: &amp;apos;535d840ee2&amp;apos;
System info: host: &amp;apos;LAPTOP-3AI9QJI2&amp;apos;, ip: &amp;apos;192.168.254.1&amp;apos;, os.name: &amp;apos;Windows 11&amp;apos;, os.arch: &amp;apos;amd64&amp;apos;, os.version: &amp;apos;10.0&amp;apos;, java.version: &amp;apos;11.0.15&amp;apos;
Driver info: org.openqa.selenium.chrome.ChromeDriver
Command: [e776df31e587692f011899cff11d8a41, get {url=http://192.168.152.128:8080/crm/ShowHomePage.do}]
Capabilities {acceptInsecureCerts: false, browserName: chrome, browserVersion: 102.0.5005.63, chrome: {chromedriverVersion: 102.0.5005.61 (0e59bcc00cc4..., userDataDir: C:\Windows\TEMP\scoped_dir1...}, goog:chromeOptions: {debuggerAddress: localhost:50663}, javascriptEnabled: true, networkConnectionEnabled: false, pageLoadStrategy: normal, platform: WINDOWS, platformName: WINDOWS, proxy: Proxy(), se:cdp: ws://localhost:50663/devtoo..., se:cdpVersion: 102.0.5005.63, setWindowRect: true, strictFileInteractability: false, timeouts: {implicit: 0, pageLoad: 300000, script: 30000}, unhandledPromptBehavior: dismiss and notify, webauthn:extension:credBlob: true, webauthn:extension:largeBlob: true, webauthn:virtualAuthenticators: true}
Session ID: e776df31e587692f011899cff11d8a41">
      <![CDATA[org.openqa.selenium.WebDriverException: unknown error: net::ERR_CONNECTION_TIMED_OUT
  (Session info: chrome=102.0.5005.63)
Build info: version: '4.1.4', revision: '535d840ee2'
System info: host: 'LAPTOP-3AI9QJI2', ip: '192.168.254.1', os.name: 'Windows 11', os.arch: 'amd64', os.version: '10.0', java.version: '11.0.15'
Driver info: org.openqa.selenium.chrome.ChromeDriver
Command: [e776df31e587692f011899cff11d8a41, get {url=http://192.168.152.128:8080/crm/ShowHomePage.do}]
Capabilities {acceptInsecureCerts: false, browserName: chrome, browserVersion: 102.0.5005.63, chrome: {chromedriverVersion: 102.0.5005.61 (0e59bcc00cc4..., userDataDir: C:\Windows\TEMP\scoped_dir1...}, goog:chromeOptions: {debuggerAddress: localhost:50663}, javascriptEnabled: true, networkConnectionEnabled: false, pageLoadStrategy: normal, platform: WINDOWS, platformName: WINDOWS, proxy: Proxy(), se:cdp: ws://localhost:50663/devtoo..., se:cdpVersion: 102.0.5005.63, setWindowRect: true, strictFileInteractability: false, timeouts: {implicit: 0, pageLoad: 300000, script: 30000}, unhandledPromptBehavior: dismiss and notify, webauthn:extension:credBlob: true, webauthn:extension:largeBlob: true, webauthn:virtualAuthenticators: true}
Session ID: e776df31e587692f011899cff11d8a41
at org.openqa.selenium.remote.codec.w3c.W3CHttpResponseCodec.createException(W3CHttpResponseCodec.java:200)
at org.openqa.selenium.remote.codec.w3c.W3CHttpResponseCodec.decode(W3CHttpResponseCodec.java:133)
at org.openqa.selenium.remote.codec.w3c.W3CHttpResponseCodec.decode(W3CHttpResponseCodec.java:53)
at org.openqa.selenium.remote.HttpCommandExecutor.execute(HttpCommandExecutor.java:184)
at org.openqa.selenium.remote.service.DriverCommandExecutor.invokeExecute(DriverCommandExecutor.java:167)
at org.openqa.selenium.remote.service.DriverCommandExecutor.execute(DriverCommandExecutor.java:142)
at org.openqa.selenium.remote.RemoteWebDriver.execute(RemoteWebDriver.java:567)
at org.openqa.selenium.remote.RemoteWebDriver.get(RemoteWebDriver.java:330)
at com.lexnod.GenericLib.BaseTest.openBrowser(BaseTest.java:38)
at java.base/java.util.ArrayList.forEach(ArrayList.java:1541)
... Removed 38 stack frames]]>
    </failure>
  </testcase> <!-- @BeforeClass openBrowser -->
  <testcase classname="com.lexnod.GenericLib.BaseTest" name="@AfterClass closeBrowser" time="-1.654087591749E9">
    <skipped/>
  </testcase> <!-- @AfterClass closeBrowser -->
  <testcase classname="com.lexnod.quotes.VerifyQuotesTab" name="verifyQuotesTabTest" time="0.0">
    <skipped/>
  </testcase> <!-- verifyQuotesTabTest -->
  <testcase classname="com.lexnod.Dsahboards.VerifyDashboardsTab" name="verifyDashboardsTabTest" time="5.124"/>
  <testcase classname="com.lexnod.Accounts.VerifyAccountsTab" name="verifyAccountsTabTest" time="2.11"/>
  <testcase classname="com.lexnod.Reports.VerifyReportsTab" name="verifyReportsTabTest" time="1.133"/>
  <testcase classname="com.lexnod.Forecasts.VerifyForecastsTab" name="verifyForecastsTabTest" time="1.277"/>
  <testcase classname="com.lexnod.Potentials.VerifyPotentialsTab" name="verifyPotentialstabTest" time="1.473"/>
  <testcase classname="com.lexnod.leads.VerifyLeadsTab" name="verifyLeadsTabtest" time="1.778"/>
  <testcase classname="com.lexnod.leads.CreateNewLead" name="createNewLeadTest" time="7.338"/>
  <testcase classname="com.lexnod.Campaigns.VerifyCampaignsTab" name="verifyCampaignsTabTest" time="1.538"/>
  <testcase classname="com.lexnod.Contacts.VerifyContactsTab" name="verifyContactsTabTest" time="1.475"/>
  <testcase classname="com.lexnod.login.ValidLogin" name="validLoginTest" time="0.678"/>
</testsuite> <!-- Lexnod Test -->
